0 info it worked if it ends with ok
1 verbose cli [ '/usr/bin/node', '/usr/bin/npm', 'install', '-g', 'bower' ]
2 info using npm@1.4.28
3 info using node@v0.10.33
4 verbose node symlink /usr/bin/node
5 verbose cache add [ 'bower', null ]
6 verbose cache add name=undefined spec="bower" args=["bower",null]
7 verbose parsed url { protocol: null,
7 verbose parsed url   slashes: null,
7 verbose parsed url   auth: null,
7 verbose parsed url   host: null,
7 verbose parsed url   port: null,
7 verbose parsed url   hostname: null,
7 verbose parsed url   hash: null,
7 verbose parsed url   search: null,
7 verbose parsed url   query: null,
7 verbose parsed url   pathname: 'bower',
7 verbose parsed url   path: 'bower',
7 verbose parsed url   href: 'bower' }
8 silly lockFile 206e3ce5-bower bower
9 verbose lock bower /home/ruben/.npm/206e3ce5-bower.lock
10 silly lockFile 206e3ce5-bower bower
11 silly lockFile 206e3ce5-bower bower
12 verbose addNamed [ 'bower', '' ]
13 verbose addNamed [ null, '*' ]
14 silly lockFile 1240aab1-bower bower@
15 verbose lock bower@ /home/ruben/.npm/1240aab1-bower.lock
16 silly addNameRange { name: 'bower', range: '*', hasData: false }
17 verbose request where is /bower
18 verbose request registry https://registry.npmjs.org/
19 verbose request id de600033df00dba9
20 verbose url raw /bower
21 verbose url resolving [ 'https://registry.npmjs.org/', './bower' ]
22 verbose url resolved https://registry.npmjs.org/bower
23 verbose request where is https://registry.npmjs.org/bower
24 info trying registry request attempt 1 at 23:44:42
25 http GET https://registry.npmjs.org/bower
26 http 200 https://registry.npmjs.org/bower
27 silly registry.get cb [ 200,
27 silly registry.get   { date: 'Sun, 23 Nov 2014 23:45:19 GMT',
27 silly registry.get     server: 'CouchDB/1.5.0 (Erlang OTP/R16B03)',
27 silly registry.get     etag: '"2A874AUSW90GEUIKVSPSW4ZNM"',
27 silly registry.get     'content-type': 'application/json',
27 silly registry.get     'cache-control': 'max-age=60',
27 silly registry.get     'content-length': '105486',
27 silly registry.get     'accept-ranges': 'bytes',
27 silly registry.get     via: '1.1 varnish',
27 silly registry.get     age: '60',
27 silly registry.get     'x-served-by': 'cache-lcy1128-LCY',
27 silly registry.get     'x-cache': 'HIT',
27 silly registry.get     'x-cache-hits': '8',
27 silly registry.get     'x-timer': 'S1416786319.402671,VS0,VE0',
27 silly registry.get     vary: 'Accept',
27 silly registry.get     'keep-alive': 'timeout=10, max=50',
27 silly registry.get     connection: 'Keep-Alive' } ]
28 silly addNameRange number 2 { name: 'bower', range: '*', hasData: true }
29 silly addNameRange versions [ 'bower',
29 silly addNameRange   [ '0.1.0',
29 silly addNameRange     '0.1.2',
29 silly addNameRange     '0.1.3',
29 silly addNameRange     '0.2.0',
29 silly addNameRange     '0.3.0',
29 silly addNameRange     '0.3.1',
29 silly addNameRange     '0.3.2',
29 silly addNameRange     '0.4.0',
29 silly addNameRange     '0.5.0',
29 silly addNameRange     '0.5.1',
29 silly addNameRange     '0.6.0',
29 silly addNameRange     '0.6.1',
29 silly addNameRange     '0.6.2',
29 silly addNameRange     '0.6.3',
29 silly addNameRange     '0.6.4',
29 silly addNameRange     '0.6.5',
29 silly addNameRange     '0.6.6',
29 silly addNameRange     '0.6.7',
29 silly addNameRange     '0.6.8',
29 silly addNameRange     '0.7.0',
29 silly addNameRange     '0.7.1',
29 silly addNameRange     '0.8.0',
29 silly addNameRange     '0.8.1',
29 silly addNameRange     '0.8.2',
29 silly addNameRange     '0.8.3',
29 silly addNameRange     '0.8.4',
29 silly addNameRange     '0.8.5',
29 silly addNameRange     '0.8.6',
29 silly addNameRange     '0.9.0',
29 silly addNameRange     '0.9.1',
29 silly addNameRange     '0.9.2',
29 silly addNameRange     '0.10.0',
29 silly addNameRange     '1.0.0',
29 silly addNameRange     '1.0.1',
29 silly addNameRange     '1.0.2',
29 silly addNameRange     '1.0.3',
29 silly addNameRange     '1.1.0',
29 silly addNameRange     '1.1.1',
29 silly addNameRange     '1.1.2',
29 silly addNameRange     '1.2.0',
29 silly addNameRange     '1.2.1',
29 silly addNameRange     '1.2.2',
29 silly addNameRange     '1.2.3',
29 silly addNameRange     '1.2.4',
29 silly addNameRange     '1.2.5',
29 silly addNameRange     '1.2.6',
29 silly addNameRange     '1.2.7',
29 silly addNameRange     '1.2.8',
29 silly addNameRange     '1.3.0',
29 silly addNameRange     '1.3.1',
29 silly addNameRange     '1.3.2',
29 silly addNameRange     '1.3.3',
29 silly addNameRange     '1.3.4',
29 silly addNameRange     '1.3.5',
29 silly addNameRange     '1.3.6',
29 silly addNameRange     '1.3.7',
29 silly addNameRange     '1.3.8',
29 silly addNameRange     '1.3.9',
29 silly addNameRange     '1.3.10',
29 silly addNameRange     '1.3.11',
29 silly addNameRange     '1.3.12' ] ]
30 verbose addNamed [ 'bower', '1.3.12' ]
31 verbose addNamed [ '1.3.12', '1.3.12' ]
32 silly lockFile 9819431c-bower-1-3-12 bower@1.3.12
33 verbose lock bower@1.3.12 /home/ruben/.npm/9819431c-bower-1-3-12.lock
34 silly lockFile b05fd70b-npmjs-org-bower-bower-1-3-12-tgz https://registry.npmjs.org/bower/-/bower-1.3.12.tgz
35 verbose lock https://registry.npmjs.org/bower/-/bower-1.3.12.tgz /home/ruben/.npm/b05fd70b-npmjs-org-bower-bower-1-3-12-tgz.lock
36 verbose addRemoteTarball [ 'https://registry.npmjs.org/bower/-/bower-1.3.12.tgz',
36 verbose addRemoteTarball   '37de0edb3904baf90aee13384a1a379a05ee214c' ]
37 info retry fetch attempt 1 at 23:45:19
38 verbose fetch to= /tmp/npm-6209-Dxi9Odc1/registry.npmjs.org/bower/-/bower-1.3.12.tgz
39 http GET https://registry.npmjs.org/bower/-/bower-1.3.12.tgz
40 error fetch failed https://registry.npmjs.org/bower/-/bower-1.3.12.tgz
41 info retry will retry, error on last attempt: Error: getaddrinfo ENOTFOUND
42 info retry fetch attempt 2 at 23:45:49
43 verbose fetch to= /tmp/npm-6209-Dxi9Odc1/registry.npmjs.org/bower/-/bower-1.3.12.tgz
44 http GET https://registry.npmjs.org/bower/-/bower-1.3.12.tgz
45 http 200 https://registry.npmjs.org/bower/-/bower-1.3.12.tgz
46 silly lockFile b05fd70b-npmjs-org-bower-bower-1-3-12-tgz https://registry.npmjs.org/bower/-/bower-1.3.12.tgz
47 silly lockFile b05fd70b-npmjs-org-bower-bower-1-3-12-tgz https://registry.npmjs.org/bower/-/bower-1.3.12.tgz
48 silly lockFile 9819431c-bower-1-3-12 bower@1.3.12
49 silly lockFile 9819431c-bower-1-3-12 bower@1.3.12
50 silly lockFile 1240aab1-bower bower@
51 silly lockFile 1240aab1-bower bower@
52 silly resolved [ { name: 'bower',
52 silly resolved     version: '1.3.12',
52 silly resolved     description: 'The browser package manager',
52 silly resolved     author: { name: 'Twitter' },
52 silly resolved     licenses: [ [Object] ],
52 silly resolved     repository: { type: 'git', url: 'https://github.com/bower/bower' },
52 silly resolved     main: 'lib',
52 silly resolved     homepage: 'http://bower.io',
52 silly resolved     engines: { node: '>=0.10.0' },
52 silly resolved     dependencies:
52 silly resolved      { abbrev: '~1.0.4',
52 silly resolved        archy: '0.0.2',
52 silly resolved        'bower-config': '~0.5.2',
52 silly resolved        'bower-endpoint-parser': '~0.2.2',
52 silly resolved        'bower-json': '~0.4.0',
52 silly resolved        'bower-logger': '~0.2.2',
52 silly resolved        'bower-registry-client': '~0.2.0',
52 silly resolved        cardinal: '0.4.0',
52 silly resolved        chalk: '0.5.0',
52 silly resolved        chmodr: '0.1.0',
52 silly resolved        'decompress-zip': '0.0.8',
52 silly resolved        fstream: '~1.0.2',
52 silly resolved        'fstream-ignore': '~1.0.1',
52 silly resolved        glob: '~4.0.2',
52 silly resolved        'graceful-fs': '~3.0.1',
52 silly resolved        handlebars: '~2.0.0',
52 silly resolved        inquirer: '0.7.1',
52 silly resolved        insight: '0.4.3',
52 silly resolved        'is-root': '~1.0.0',
52 silly resolved        junk: '~1.0.0',
52 silly resolved        lockfile: '~1.0.0',
52 silly resolved        'lru-cache': '~2.5.0',
52 silly resolved        mkdirp: '0.5.0',
52 silly resolved        mout: '~0.9.0',
52 silly resolved        nopt: '~3.0.0',
52 silly resolved        opn: '~1.0.0',
52 silly resolved        osenv: '0.1.0',
52 silly resolved        'p-throttler': '0.1.0',
52 silly resolved        promptly: '0.2.0',
52 silly resolved        q: '~1.0.1',
52 silly resolved        request: '~2.42.0',
52 silly resolved        'request-progress': '0.3.0',
52 silly resolved        retry: '0.6.0',
52 silly resolved        rimraf: '~2.2.0',
52 silly resolved        semver: '~2.3.0',
52 silly resolved        'shell-quote': '~1.4.1',
52 silly resolved        'stringify-object': '~1.0.0',
52 silly resolved        'tar-fs': '0.5.2',
52 silly resolved        tmp: '0.0.23',
52 silly resolved        'update-notifier': '0.2.0',
52 silly resolved        which: '~1.0.5' },
52 silly resolved     devDependencies:
52 silly resolved      { coveralls: '~2.11.0',
52 silly resolved        'expect.js': '~0.3.1',
52 silly resolved        grunt: '~0.4.4',
52 silly resolved        'grunt-cli': '^0.1.13',
52 silly resolved        'grunt-contrib-jshint': '~0.10.0',
52 silly resolved        'grunt-contrib-watch': '~0.6.1',
52 silly resolved        'grunt-exec': '~0.4.2',
52 silly resolved        'grunt-simple-mocha': '~0.4.0',
52 silly resolved        istanbul: '~0.3.2',
52 silly resolved        'load-grunt-tasks': '~0.6.0',
52 silly resolved        mocha: '~1.21.4',
52 silly resolved        nock: '~0.46.0',
52 silly resolved        'node-uuid': '~1.4.1',
52 silly resolved        proxyquire: '~1.0.1' },
52 silly resolved     scripts: { test: 'grunt test' },
52 silly resolved     bin: { bower: 'bin/bower' },
52 silly resolved     preferGlobal: true,
52 silly resolved     gitHead: 'b26c072f0db054a1902ec4d2e3726dbf8a1c799a',
52 silly resolved     bugs: { url: 'https://github.com/bower/bower/issues' },
52 silly resolved     _id: 'bower@1.3.12',
52 silly resolved     _shasum: '37de0edb3904baf90aee13384a1a379a05ee214c',
52 silly resolved     _from: 'bower@',
52 silly resolved     _npmVersion: '2.0.0',
52 silly resolved     _npmUser: { name: 'sheerun', email: 'sheerun@sher.pl' },
52 silly resolved     maintainers: [ [Object], [Object], [Object], [Object], [Object], [Object] ],
52 silly resolved     dist:
52 silly resolved      { shasum: '37de0edb3904baf90aee13384a1a379a05ee214c',
52 silly resolved        tarball: 'http://registry.npmjs.org/bower/-/bower-1.3.12.tgz' },
52 silly resolved     directories: {},
52 silly resolved     _resolved: 'https://registry.npmjs.org/bower/-/bower-1.3.12.tgz' } ]
53 info install bower@1.3.12 into /usr/lib
54 info installOne bower@1.3.12
55 verbose lib/node_modules/bower unbuild
56 verbose tar unpack /home/ruben/.npm/bower/1.3.12/package.tgz
57 silly lockFile 6f53a3f9-tar-usr-lib-node-modules-bower tar:///usr/lib/node_modules/bower
58 verbose lock tar:///usr/lib/node_modules/bower /home/ruben/.npm/6f53a3f9-tar-usr-lib-node-modules-bower.lock
59 silly lockFile c0cd33cf-ben-npm-bower-1-3-12-package-tgz tar:///home/ruben/.npm/bower/1.3.12/package.tgz
60 verbose lock tar:///home/ruben/.npm/bower/1.3.12/package.tgz /home/ruben/.npm/c0cd33cf-ben-npm-bower-1-3-12-package-tgz.lock
61 silly gunzTarPerm modes [ '775', '664' ]
62 error Error: EACCES, mkdir '/usr/lib/node_modules/bower'
62 error  { [Error: EACCES, mkdir '/usr/lib/node_modules/bower']
62 error   errno: 3,
62 error   code: 'EACCES',
62 error   path: '/usr/lib/node_modules/bower',
62 error   fstream_type: 'Directory',
62 error   fstream_path: '/usr/lib/node_modules/bower',
62 error   fstream_class: 'DirWriter',
62 error   fstream_stack:
62 error    [ '/usr/lib/node_modules/npm/node_modules/fstream/lib/dir-writer.js:36:23',
62 error      '/usr/lib/node_modules/npm/node_modules/mkdirp/index.js:46:53',
62 error      'Object.oncomplete (fs.js:107:15)' ] }
63 error Please try running this command again as root/Administrator.
64 error System Linux 3.16.0-24-generic
65 error command "/usr/bin/node" "/usr/bin/npm" "install" "-g" "bower"
66 error cwd /home/ruben/yaraku
67 error node -v v0.10.33
68 error npm -v 1.4.28
69 error path /usr/lib/node_modules/bower
70 error fstream_path /usr/lib/node_modules/bower
71 error fstream_type Directory
72 error fstream_class DirWriter
73 error code EACCES
74 error errno 3
75 error stack Error: EACCES, mkdir '/usr/lib/node_modules/bower'
76 error fstream_stack /usr/lib/node_modules/npm/node_modules/fstream/lib/dir-writer.js:36:23
76 error fstream_stack /usr/lib/node_modules/npm/node_modules/mkdirp/index.js:46:53
76 error fstream_stack Object.oncomplete (fs.js:107:15)
77 verbose exit [ 3, true ]
